~~~~~~~~~~~~~~~~~~~~~~~~~~~~~~~~~~~~~~~~~~~~~~~~~~~~~~~~~~~~~~~~~~~~~~~~~~~~~~~~~~~~~~~~~~~~~~~~~~~~~~~~~~~~~~~~~~~~~~~~~~~~~~~~~~~~~~~~~~~~~~~~~~~~~~~~~~~~~~~~~~~~~~~~~~~~~~~~~~~~
//SuperClient::2018/04/22::14:43:21 : Application démarrée.
//SuperClient::2018/04/22::14:43:22 : Essai connection..
//SuperClient::2018/04/22::14:43:23 : Connection refusée, peut-être le serveur est-il surchargé ou non connecté.
//SuperClient::2018/04/22::14:43:23 : Essai connection..
//SuperClient::2018/04/22::14:43:23 : Requête de changement de thème...
//SuperClient::2018/04/22::14:43:24 : Changement terminé. Thème: allBlue
//SuperClient::2018/04/22::14:43:24 : Connection refusée, peut-être le serveur est-il surchargé ou non connecté.
//SuperClient::2018/04/22::14:43:24 : Essai connection..
//SuperClient::2018/04/22::14:43:25 : Requête de changement de thème...
//SuperClient::2018/04/22::14:43:25 : Connection refusée, peut-être le serveur est-il surchargé ou non connecté.
//SuperClient::2018/04/22::14:43:25 : Essai connection..
//SuperClient::2018/04/22::14:43:25 : Changement terminé. Thème: dark
//SuperClient::2018/04/22::14:43:26 : Connection refusée, peut-être le serveur est-il surchargé ou non connecté.
//SuperClient::2018/04/22::14:43:26 : Essai connection..
//SuperClient::2018/04/22::14:43:27 : Application terminée.
~~~~~~~~~~~~~~~~~~~~~~~~~~~~~~~~~~~~~~~~~~~~~~~~~~~~~~~~~~~~~~~~~~~~~~~~~~~~~~~~~~~~~~~~~~~~~~~~~~~~~~~~~~~~~~~~~~~~~~~~~~~~~~~~~~~~~~~~~~~~~~~~~~~~~~~~~~~~~~~~~~~~~~~~~~~~~~~~~~~~
~~~~~~~~~~~~~~~~~~~~~~~~~~~~~~~~~~~~~~~~~~~~~~~~~~~~~~~~~~~~~~~~~~~~~~~~~~~~~~~~~~~~~~~~~~~~~~~~~~~~~~~~~~~~~~~~~~~~~~~~~~~~~~~~~~~~~~~~~~~~~~~~~~~~~~~~~~~~~~~~~~~~~~~~~~~~~~~~~~~~
//SuperClient::2018/04/22::14:43:38 : Application démarrée.
//SuperClient::2018/04/22::14:43:39 : Essai connection..
//SuperClient::2018/04/22::14:43:40 : Connection refusée, peut-être le serveur est-il surchargé ou non connecté.
//SuperClient::2018/04/22::14:43:40 : Essai connection..
//SuperClient::2018/04/22::14:43:41 : Connection refusée, peut-être le serveur est-il surchargé ou non connecté.
//SuperClient::2018/04/22::14:43:41 : Essai connection..
//SuperClient::2018/04/22::14:43:41 : Requête de changement de thème...
//SuperClient::2018/04/22::14:43:42 : Changement terminé. Thème: allBlue
//SuperClient::2018/04/22::14:43:42 : Connection refusée, peut-être le serveur est-il surchargé ou non connecté.
//SuperClient::2018/04/22::14:43:42 : Essai connection..
//SuperClient::2018/04/22::14:43:43 : Application terminée.
~~~~~~~~~~~~~~~~~~~~~~~~~~~~~~~~~~~~~~~~~~~~~~~~~~~~~~~~~~~~~~~~~~~~~~~~~~~~~~~~~~~~~~~~~~~~~~~~~~~~~~~~~~~~~~~~~~~~~~~~~~~~~~~~~~~~~~~~~~~~~~~~~~~~~~~~~~~~~~~~~~~~~~~~~~~~~~~~~~~~
~~~~~~~~~~~~~~~~~~~~~~~~~~~~~~~~~~~~~~~~~~~~~~~~~~~~~~~~~~~~~~~~~~~~~~~~~~~~~~~~~~~~~~~~~~~~~~~~~~~~~~~~~~~~~~~~~~~~~~~~~~~~~~~~~~~~~~~~~~~~~~~~~~~~~~~~~~~~~~~~~~~~~~~~~~~~~~~~~~~~
//SuperClient::2018/04/22::14:43:45 : Application démarrée.
//SuperClient::2018/04/22::14:43:46 : Essai connection..
//SuperClient::2018/04/22::14:43:47 : Connection refusée, peut-être le serveur est-il surchargé ou non connecté.
//SuperClient::2018/04/22::14:43:47 : Essai connection..
//SuperClient::2018/04/22::14:43:48 : Connection refusée, peut-être le serveur est-il surchargé ou non connecté.
//SuperClient::2018/04/22::14:43:48 : Essai connection..
//SuperClient::2018/04/22::14:43:49 : Connection refusée, peut-être le serveur est-il surchargé ou non connecté.
//SuperClient::2018/04/22::14:43:49 : Essai connection..
//SuperClient::2018/04/22::14:43:50 : Connection refusée, peut-être le serveur est-il surchargé ou non connecté.
//SuperClient::2018/04/22::14:43:50 : Essai connection..
//SuperClient::2018/04/22::14:43:51 : Application terminée.
~~~~~~~~~~~~~~~~~~~~~~~~~~~~~~~~~~~~~~~~~~~~~~~~~~~~~~~~~~~~~~~~~~~~~~~~~~~~~~~~~~~~~~~~~~~~~~~~~~~~~~~~~~~~~~~~~~~~~~~~~~~~~~~~~~~~~~~~~~~~~~~~~~~~~~~~~~~~~~~~~~~~~~~~~~~~~~~~~~~~
